<?xml version="1.0" encoding="UTF-8"?>
<!-- Generated by org.testng.reporters.JUnitReportReporter -->
<testsuite hostname="ASDP1512PO01976" name="com.qa.test.TestMethods" tests="10" failures="0" timestamp="23 Jul 2019 05:46:04 GMT" time="50.710" errors="0">
  <testcase name="verifyColourGreenBoxClick" time="0.271" classname="com.qa.test.TestMethods"/>
  <testcase name="verifyBaseUrl" time="0.319" classname="com.qa.test.TestMethods"/>
  <testcase name="verifyColourMatching" time="47.610" classname="com.qa.test.TestMethods"/>
  <testcase name="verifyBasicUrl" time="0.200" classname="com.qa.test.TestMethods"/>
  <testcase name="verifyPopupWindow" time="1.272" classname="com.qa.test.TestMethods"/>
  <testcase name="verifyDragAndDrop" time="0.585" classname="com.qa.test.TestMethods"/>
  <testcase name="verifyProceedLink" time="0.220" classname="com.qa.test.TestMethods"/>
  <testcase name="verifyTokenGeneration" time="0.103" classname="com.qa.test.TestMethods"/>
  <testcase name="verifyCreateCookie" time="0.008" classname="com.qa.test.TestMethods"/>
  <testcase name="verifyCookiePrinting" time="0.122" classname="com.qa.test.TestMethods"/>
</testsuite> <!-- com.qa.test.TestMethods -->
