<?xml version="1.0" encoding="UTF-8"?>
<!-- Generated by org.testng.reporters.JUnitReportReporter -->
<testsuite hostname="ASDP1512PO01976" name="com.qa.keywords.TestingMethods" tests="10" failures="0" timestamp="18 Jul 2019 08:45:41 GMT" time="18.820" errors="0">
  <testcase name="verifyColourGreenBoxClick" time="0.353" classname="com.qa.keywords.TestingMethods"/>
  <testcase name="verifyCookiePrinting" time="0.111" classname="com.qa.keywords.TestingMethods"/>
  <testcase name="verifyDragAndDrop" time="0.501" classname="com.qa.keywords.TestingMethods"/>
  <testcase name="verifyProceedLink" time="0.172" classname="com.qa.keywords.TestingMethods"/>
  <testcase name="verifyBaseUrl" time="0.275" classname="com.qa.keywords.TestingMethods"/>
  <testcase name="verifyTokenGeneration" time="0.082" classname="com.qa.keywords.TestingMethods"/>
  <testcase name="verifyPopupWindow" time="1.275" classname="com.qa.keywords.TestingMethods"/>
  <testcase name="verifyCreateCookie" time="0.011" classname="com.qa.keywords.TestingMethods"/>
  <testcase name="verifyColourMatching" time="15.837" classname="com.qa.keywords.TestingMethods"/>
  <testcase name="verifyBasicUrl" time="0.203" classname="com.qa.keywords.TestingMethods"/>
</testsuite> <!-- com.qa.keywords.TestingMethods -->
