<?xml version="1.0" encoding="UTF-8"?>
<!-- Generated by org.testng.reporters.JUnitReportReporter -->
<testsuite hostname="ASDP1512PO01976" name="com.qa.test.TestingMethods" tests="10" failures="0" timestamp="18 Jul 2019 11:19:13 GMT" time="29.359" errors="0">
  <testcase name="verifyCookiePrinting" time="0.127" classname="com.qa.test.TestingMethods"/>
  <testcase name="verifyCreateCookie" time="0.009" classname="com.qa.test.TestingMethods"/>
  <testcase name="verifyColourGreenBoxClick" time="0.301" classname="com.qa.test.TestingMethods"/>
  <testcase name="verifyBaseUrl" time="0.262" classname="com.qa.test.TestingMethods"/>
  <testcase name="verifyTokenGeneration" time="0.097" classname="com.qa.test.TestingMethods"/>
  <testcase name="verifyBasicUrl" time="0.156" classname="com.qa.test.TestingMethods"/>
  <testcase name="verifyColourMatching" time="26.336" classname="com.qa.test.TestingMethods"/>
  <testcase name="verifyProceedLink" time="0.283" classname="com.qa.test.TestingMethods"/>
  <testcase name="verifyDragAndDrop" time="0.512" classname="com.qa.test.TestingMethods"/>
  <testcase name="verifyPopupWindow" time="1.276" classname="com.qa.test.TestingMethods"/>
</testsuite> <!-- com.qa.test.TestingMethods -->
